z:\2. humber\1. componentproject\componentframework3.0\componentframework\debug\vc120.pdb
z:\2. humber\1. componentproject\componentframework3.0\componentframework\debug\vc140.pdb
z:\2. humber\1. componentproject\componentframework3.0\componentframework\debug\model0.obj
z:\2. humber\1. componentproject\componentframework3.0\componentframework\debug\vc120.idb
z:\2. humber\1. componentproject\componentframework3.0\componentframework\debug\scene0.obj
z:\2. humber\1. componentproject\componentframework3.0\componentframework\debug\window.obj
z:\2. humber\1. componentproject\componentframework3.0\componentframework\debug\gamescenemanager.obj
z:\2. humber\1. componentproject\componentframework3.0\componentframework\debug\debug.obj
z:\2. humber\1. componentproject\componentframework3.0\componentframework\debug\mesh.obj
z:\2. humber\1. componentproject\componentframework3.0\componentframework\debug\main.obj
z:\2. humber\1. componentproject\componentframework3.0\componentframework\debug\mmath.obj
z:\2. humber\1. componentproject\componentframework3.0\componentframework\debug\objloader.obj
z:\2. humber\1. componentproject\componentframework3.0\componentframework\debug\scene.obj
z:\2. humber\1. componentproject\componentframework3.0\componentframework\debug\shader.obj
z:\2. humber\1. componentproject\componentframework3.0\componentframework\debug\timer.obj
z:\2. humber\1. componentproject\componentframework3.0\componentframework\debug\trackball.obj
z:\2. humber\1. componentproject\componentframework3.0\componentframework\debug\vmath.obj
z:\2. humber\1. componentproject\componentframework3.0\componentframework\debug\vc140.idb
z:\2. humber\1. componentproject\componentframework3.0\debug\componentframework.ilk
z:\2. humber\1. componentproject\componentframework3.0\debug\componentframework.exe
z:\2. humber\1. componentproject\componentframework3.0\debug\componentframework.pdb
z:\2. humber\1. componentproject\componentframework3.0\componentframework\debug\componen.f2dcb53b.tlog\link.command.1.tlog
z:\2. humber\1. componentproject\componentframework3.0\componentframework\debug\componen.f2dcb53b.tlog\cl.read.1.tlog
z:\2. humber\1. componentproject\componentframework3.0\componentframework\debug\componen.f2dcb53b.tlog\cl.command.1.tlog
z:\2. humber\1. componentproject\componentframework3.0\componentframework\debug\componen.f2dcb53b.tlog\link.read.1.tlog
z:\2. humber\1. componentproject\componentframework3.0\componentframework\debug\componen.f2dcb53b.tlog\cl.write.1.tlog
z:\2. humber\1. componentproject\componentframework3.0\componentframework\debug\componen.f2dcb53b.tlog\link.write.1.tlog
